# JRE version: Java(TM) SE Runtime Environment (8.0_191-b12) (build 1.8.0_191-b12)
# Java VM: Java HotSpot(TM) 64-Bit Server VM (25.191-b12 mixed mode windows-amd64 compressed oops)
Heap:
 PSYoungGen      total 17408K, used 2776K [0x00000000ecc00000, 0x00000000edf00000, 0x0000000100000000)
  eden space 15360K, 18% used [0x00000000ecc00000,0x00000000eceb60e0,0x00000000edb00000)
  from space 2048K, 0% used [0x00000000edb00000,0x00000000edb00000,0x00000000edd00000)
  to   space 2048K, 0% used [0x00000000edd00000,0x00000000edd00000,0x00000000edf00000)
 ParOldGen       total 35840K, used 4387K [0x00000000c6400000, 0x00000000c8700000, 0x00000000ecc00000)
  object space 35840K, 12% used [0x00000000c6400000,0x00000000c6848d38,0x00000000c8700000)
 Metaspace       used 13328K, capacity 13558K, committed 13952K, reserved 1060864K
  class space    used 1716K, capacity 1805K, committed 1920K, reserved 1048576K
GC Heap History (4 events):
Event: 7.990 GC heap before
{Heap before GC invocations=1 (full 0):
 PSYoungGen      total 17408K, used 13198K [0x00000000ecc00000, 0x00000000edf00000, 0x0000000100000000)
  eden space 15360K, 85% used [0x00000000ecc00000,0x00000000ed8e3968,0x00000000edb00000)
  from space 2048K, 0% used [0x00000000edd00000,0x00000000edd00000,0x00000000edf00000)
  to   space 2048K, 0% used [0x00000000edb00000,0x00000000edb00000,0x00000000edd00000)
 ParOldGen       total 39936K, used 0K [0x00000000c6400000, 0x00000000c8b00000, 0x00000000ecc00000)
  object space 39936K, 0% used [0x00000000c6400000,0x00000000c6400000,0x00000000c8b00000)
 Metaspace       used 12986K, capacity 13202K, committed 13312K, reserved 1060864K
  class space    used 1694K, capacity 1773K, committed 1792K, reserved 1048576K
Event: 8.011 GC heap after
Heap after GC invocations=1 (full 0):
 PSYoungGen      total 17408K, used 2033K [0x00000000ecc00000, 0x00000000edf00000, 0x0000000100000000)
  eden space 15360K, 0% used [0x00000000ecc00000,0x00000000ecc00000,0x00000000edb00000)
  from space 2048K, 99% used [0x00000000edb00000,0x00000000edcfc528,0x00000000edd00000)
  to   space 2048K, 0% used [0x00000000edd00000,0x00000000edd00000,0x00000000edf00000)
 ParOldGen       total 39936K, used 2407K [0x00000000c6400000, 0x00000000c8b00000, 0x00000000ecc00000)
  object space 39936K, 6% used [0x00000000c6400000,0x00000000c6659c18,0x00000000c8b00000)
 Metaspace       used 12986K, capacity 13202K, committed 13312K, reserved 1060864K
  class space    used 1694K, capacity 1773K, committed 1792K, reserved 1048576K
}
Event: 8.011 GC heap before
{Heap before GC invocations=2 (full 1):
 PSYoungGen      total 17408K, used 2033K [0x00000000ecc00000, 0x00000000edf00000, 0x0000000100000000)
  eden space 15360K, 0% used [0x00000000ecc00000,0x00000000ecc00000,0x00000000edb00000)
  from space 2048K, 99% used [0x00000000edb00000,0x00000000edcfc528,0x00000000edd00000)
  to   space 2048K, 0% used [0x00000000edd00000,0x00000000edd00000,0x00000000edf00000)
 ParOldGen       total 39936K, used 2407K [0x00000000c6400000, 0x00000000c8b00000, 0x00000000ecc00000)
  object space 39936K, 6% used [0x00000000c6400000,0x00000000c6659c18,0x00000000c8b00000)
 Metaspace       used 12986K, capacity 13202K, committed 13312K, reserved 1060864K
  class space    used 1694K, capacity 1773K, committed 1792K, reserved 1048576K
Event: 8.135 GC heap after
Heap after GC invocations=2 (full 1):
 PSYoungGen      total 17408K, used 0K [0x00000000ecc00000, 0x00000000edf00000, 0x0000000100000000)
  eden space 15360K, 0% used [0x00000000ecc00000,0x00000000ecc00000,0x00000000edb00000)
  from space 2048K, 0% used [0x00000000edb00000,0x00000000edb00000,0x00000000edd00000)
  to   space 2048K, 0% used [0x00000000edd00000,0x00000000edd00000,0x00000000edf00000)
 ParOldGen       total 35840K, used 4387K [0x00000000c6400000, 0x00000000c8700000, 0x00000000ecc00000)
  object space 35840K, 12% used [0x00000000c6400000,0x00000000c6848d38,0x00000000c8700000)
 Metaspace       used 12986K, capacity 13202K, committed 13312K, reserved 1060864K
  class space    used 1694K, capacity 1773K, committed 1792K, reserved 1048576K
}

