# JRE version: Java(TM) SE Runtime Environment (8.0_191-b12) (build 1.8.0_191-b12)
# Java VM: Java HotSpot(TM) 64-Bit Server VM (25.191-b12 mixed mode windows-amd64 compressed oops)
Heap:
 PSYoungGen      total 17408K, used 1615K [0x00000000ecc00000, 0x00000000edf00000, 0x0000000100000000)
  eden space 15360K, 10% used [0x00000000ecc00000,0x00000000ecd93e08,0x00000000edb00000)
  from space 2048K, 0% used [0x00000000edb00000,0x00000000edb00000,0x00000000edd00000)
  to   space 2048K, 0% used [0x00000000edd00000,0x00000000edd00000,0x00000000edf00000)
 ParOldGen       total 35328K, used 4387K [0x00000000c6400000, 0x00000000c8680000, 0x00000000ecc00000)
  object space 35328K, 12% used [0x00000000c6400000,0x00000000c6848f68,0x00000000c8680000)
 Metaspace       used 13194K, capacity 13430K, committed 13696K, reserved 1060864K
  class space    used 1715K, capacity 1805K, committed 1920K, reserved 1048576K
GC Heap History (4 events):
Event: 7.693 GC heap before
{Heap before GC invocations=1 (full 0):
 PSYoungGen      total 17408K, used 13506K [0x00000000ecc00000, 0x00000000edf00000, 0x0000000100000000)
  eden space 15360K, 87% used [0x00000000ecc00000,0x00000000ed930800,0x00000000edb00000)
  from space 2048K, 0% used [0x00000000edd00000,0x00000000edd00000,0x00000000edf00000)
  to   space 2048K, 0% used [0x00000000edb00000,0x00000000edb00000,0x00000000edd00000)
 ParOldGen       total 39936K, used 0K [0x00000000c6400000, 0x00000000c8b00000, 0x00000000ecc00000)
  object space 39936K, 0% used [0x00000000c6400000,0x00000000c6400000,0x00000000c8b00000)
 Metaspace       used 12995K, capacity 13202K, committed 13312K, reserved 1060864K
  class space    used 1694K, capacity 1773K, committed 1792K, reserved 1048576K
Event: 7.711 GC heap after
Heap after GC invocations=1 (full 0):
 PSYoungGen      total 17408K, used 2033K [0x00000000ecc00000, 0x00000000edf00000, 0x0000000100000000)
  eden space 15360K, 0% used [0x00000000ecc00000,0x00000000ecc00000,0x00000000edb00000)
  from space 2048K, 99% used [0x00000000edb00000,0x00000000edcfc548,0x00000000edd00000)
  to   space 2048K, 0% used [0x00000000edd00000,0x00000000edd00000,0x00000000edf00000)
 ParOldGen       total 39936K, used 2391K [0x00000000c6400000, 0x00000000c8b00000, 0x00000000ecc00000)
  object space 39936K, 5% used [0x00000000c6400000,0x00000000c6655c18,0x00000000c8b00000)
 Metaspace       used 12995K, capacity 13202K, committed 13312K, reserved 1060864K
  class space    used 1694K, capacity 1773K, committed 1792K, reserved 1048576K
}
Event: 7.711 GC heap before
{Heap before GC invocations=2 (full 1):
 PSYoungGen      total 17408K, used 2033K [0x00000000ecc00000, 0x00000000edf00000, 0x0000000100000000)
  eden space 15360K, 0% used [0x00000000ecc00000,0x00000000ecc00000,0x00000000edb00000)
  from space 2048K, 99% used [0x00000000edb00000,0x00000000edcfc548,0x00000000edd00000)
  to   space 2048K, 0% used [0x00000000edd00000,0x00000000edd00000,0x00000000edf00000)
 ParOldGen       total 39936K, used 2391K [0x00000000c6400000, 0x00000000c8b00000, 0x00000000ecc00000)
  object space 39936K, 5% used [0x00000000c6400000,0x00000000c6655c18,0x00000000c8b00000)
 Metaspace       used 12995K, capacity 13202K, committed 13312K, reserved 1060864K
  class space    used 1694K, capacity 1773K, committed 1792K, reserved 1048576K
Event: 7.788 GC heap after
Heap after GC invocations=2 (full 1):
 PSYoungGen      total 17408K, used 0K [0x00000000ecc00000, 0x00000000edf00000, 0x0000000100000000)
  eden space 15360K, 0% used [0x00000000ecc00000,0x00000000ecc00000,0x00000000edb00000)
  from space 2048K, 0% used [0x00000000edb00000,0x00000000edb00000,0x00000000edd00000)
  to   space 2048K, 0% used [0x00000000edd00000,0x00000000edd00000,0x00000000edf00000)
 ParOldGen       total 35328K, used 4387K [0x00000000c6400000, 0x00000000c8680000, 0x00000000ecc00000)
  object space 35328K, 12% used [0x00000000c6400000,0x00000000c6848f68,0x00000000c8680000)
 Metaspace       used 12995K, capacity 13202K, committed 13312K, reserved 1060864K
  class space    used 1694K, capacity 1773K, committed 1792K, reserved 1048576K
}

